<?xml version="1.0" encoding="UTF-8" standalone="no"?>
<?pydev-testrun version="1.0"?><pydev-testsuite>
    <summary errors="0" failures="1" finished="true" name="Test Run: 26" tests="21" total_time="Finished in: 0.00 secs."/>
    <test location="C:\Users\Cameron\Documents\College\Spring 2021\Software Process\Projects\Assignment4\Tiles2048\test\shiftTest.py" status="ok" test="CreateTest.test_shift_110_ShouldCalculateIntegrity" time="0.00">
        <stdout/>
        <stderr/>
    </test>
    <test location="C:\Users\Cameron\Documents\College\Spring 2021\Software Process\Projects\Assignment4\Tiles2048\test\shiftTest.py" status="ok" test="CreateTest.test_shift_120_ShouldShiftGridDown" time="0.00">
        <stdout/>
        <stderr/>
    </test>
    <test location="C:\Users\Cameron\Documents\College\Spring 2021\Software Process\Projects\Assignment4\Tiles2048\test\shiftTest.py" status="ok" test="CreateTest.test_shift_130_ShouldShiftGridDownDefault" time="0.00">
        <stdout/>
        <stderr/>
    </test>
    <test location="C:\Users\Cameron\Documents\College\Spring 2021\Software Process\Projects\Assignment4\Tiles2048\test\shiftTest.py" status="ok" test="CreateTest.test_shift_140_ShouldShiftGridUp" time="0.00">
        <stdout/>
        <stderr/>
    </test>
    <test location="C:\Users\Cameron\Documents\College\Spring 2021\Software Process\Projects\Assignment4\Tiles2048\test\shiftTest.py" status="ok" test="CreateTest.test_shift_150_ShouldShiftGridLeft" time="0.00">
        <stdout/>
        <stderr/>
    </test>
    <test location="C:\Users\Cameron\Documents\College\Spring 2021\Software Process\Projects\Assignment4\Tiles2048\test\shiftTest.py" status="ok" test="CreateTest.test_shift_160_ShouldShiftGridRight" time="0.00">
        <stdout/>
        <stderr/>
    </test>
    <test location="C:\Users\Cameron\Documents\College\Spring 2021\Software Process\Projects\Assignment4\Tiles2048\test\shiftTest.py" status="ok" test="CreateTest.test_shift_170_ShouldSetWinStatus" time="0.00">
        <stdout/>
        <stderr/>
    </test>
    <test location="C:\Users\Cameron\Documents\College\Spring 2021\Software Process\Projects\Assignment4\Tiles2048\test\shiftTest.py" status="ok" test="CreateTest.test_shift_180_ShouldSetLoseStatus" time="0.00">
        <stdout/>
        <stderr/>
    </test>
    <test location="C:\Users\Cameron\Documents\College\Spring 2021\Software Process\Projects\Assignment4\Tiles2048\test\shiftTest.py" status="ok" test="CreateTest.test_shift_190_ShouldCalculateScore" time="0.00">
        <stdout/>
        <stderr/>
    </test>
    <test location="C:\Users\Cameron\Documents\College\Spring 2021\Software Process\Projects\Assignment4\Tiles2048\test\shiftTest.py" status="ok" test="CreateTest.test_shift_200_ShouldTestNominalGrid" time="0.00">
        <stdout/>
        <stderr/>
    </test>
    <test location="C:\Users\Cameron\Documents\College\Spring 2021\Software Process\Projects\Assignment4\Tiles2048\test\shiftTest.py" status="ok" test="CreateTest.test_shift_210_ShouldShiftGridDownOmittedDirection" time="0.00">
        <stdout/>
        <stderr/>
    </test>
    <test location="C:\Users\Cameron\Documents\College\Spring 2021\Software Process\Projects\Assignment4\Tiles2048\test\shiftTest.py" status="ok" test="CreateTest.test_shift_610_ShouldMapGridToMatrix" time="0.00">
        <stdout/>
        <stderr/>
    </test>
    <test location="C:\Users\Cameron\Documents\College\Spring 2021\Software Process\Projects\Assignment4\Tiles2048\test\shiftTest.py" status="ok" test="CreateTest.test_shift_620_ShouldMatrixToString" time="0.00">
        <stdout/>
        <stderr/>
    </test>
    <test location="C:\Users\Cameron\Documents\College\Spring 2021\Software Process\Projects\Assignment4\Tiles2048\test\shiftTest.py" status="ok" test="CreateTest.test_shift_910_ShouldValidateNoGrid" time="0.00">
        <stdout/>
        <stderr/>
    </test>
    <test location="C:\Users\Cameron\Documents\College\Spring 2021\Software Process\Projects\Assignment4\Tiles2048\test\shiftTest.py" status="ok" test="CreateTest.test_shift_920_ShouldValidateGrid" time="0.00">
        <stdout/>
        <stderr/>
    </test>
    <test location="C:\Users\Cameron\Documents\College\Spring 2021\Software Process\Projects\Assignment4\Tiles2048\test\shiftTest.py" status="ok" test="CreateTest.test_shift_930_ShouldValidateGrid" time="0.00">
        <stdout/>
        <stderr/>
    </test>
    <test location="C:\Users\Cameron\Documents\College\Spring 2021\Software Process\Projects\Assignment4\Tiles2048\test\shiftTest.py" status="ok" test="CreateTest.test_shift_940_ShouldValidateGrid" time="0.00">
        <stdout/>
        <stderr/>
    </test>
    <test location="C:\Users\Cameron\Documents\College\Spring 2021\Software Process\Projects\Assignment4\Tiles2048\test\shiftTest.py" status="ok" test="CreateTest.test_shift_950_ShouldValidateScore" time="0.00">
        <stdout/>
        <stderr/>
    </test>
    <test location="C:\Users\Cameron\Documents\College\Spring 2021\Software Process\Projects\Assignment4\Tiles2048\test\shiftTest.py" status="fail" test="CreateTest.test_shift_960_ShouldCheckIfShiftIsPossible" time="">
        <stdout/>
        <stderr><![CDATA[Traceback (most recent call last):
  File "C:\Users\Cameron\Documents\College\Spring 2021\Software Process\Projects\Assignment4\Tiles2048\test\shiftTest.py", line 154, in test_shift_960_ShouldCheckIfShiftIsPossible
    self.assertEquals(actualResult, expectedResult)
AssertionError: {'status': 'error: bad integrity value'} != {'status': 'error: no shift possible'}
- {'status': 'error: bad integrity value'}
+ {'status': 'error: no shift possible'}
]]></stderr>
    </test>
    <test location="C:\Users\Cameron\Documents\College\Spring 2021\Software Process\Projects\Assignment4\Tiles2048\test\shiftTest.py" status="ok" test="CreateTest.test_shift_960_ShouldValidateIntegrity" time="0.00">
        <stdout/>
        <stderr/>
    </test>
    <test location="C:\Users\Cameron\Documents\College\Spring 2021\Software Process\Projects\Assignment4\Tiles2048\test\shiftTest.py" status="ok" test="CreateTest.test_shift_970_ShouldValidateDictionary" time="0.00">
        <stdout/>
        <stderr/>
    </test>
    <launch mode="run">
        <launch_memento><![CDATA[<?xml version="1.0" encoding="UTF-8" standalone="no"?>
<launchConfiguration local="true" path="Assignment4 shiftTest.py"/>
]]></launch_memento>
    </launch>
</pydev-testsuite>
